Debug: Start
hUsbHostFS.gState: 0000000B
hUsbHostFS.RequestState: 00000001
hUsbHostFS.Timer: 56643
hUsbHostFS.id: 1
MIDI_Handle->data_rx_state: 00000004
MIDI_Handle->data_tx_state: 00000000
pUSBGlobal->GOTGCTL: 03200000
pUSBGlobal->GOTGINT: 00100000
pUSBGlobal->GAHBCFG: 00000001
pUSBGlobal->GUSBCFG: 20001440
pUSBGlobal->GRSTCTL: 80000000
pUSBGlobal->GINTSTS: 04000021
pUSBGlobal->GINTMSK: 83200018
pUSBGlobal->GRXSTSR: 000F0003
pUSBGlobal->GRXSTSP: 000F0003
pUSBGlobal->GRXFSIZ: 00000080
pUSBGlobal->DIEPTXF0_HNPTXFSIZ: 00600080
pUSBGlobal->HNPTXSTS: 18070060
pUSBGlobal->GCCFG: 0001FFF0
pUSBGlobal->CID: 00002000
pUSBGlobal->GHWCFG3: 0200D1E8
pUSBGlobal->GLPMCFG: 00000000
pUSBGlobal->GDFIFOCFG: 02000200
pUSBGlobal->HPTXFSIZ: 004000E0
pUSBGlobal->DIEPTXF[0]: 00000000
pUSBGlobal->DIEPTXF[1]: 00000000
pUSBGlobal->DIEPTXF[2]: 00000000
pUSBGlobal->DIEPTXF[3]: 00000000
pUSBGlobal->DIEPTXF[4]: 00000000
pUSBGlobal->DIEPTXF[5]: 00000000
pUSBGlobal->DIEPTXF[6]: 00000000
pUSBGlobal->DIEPTXF[7]: 00000000
USBx_HOST->HCFG: 00000201
USBx_HOST->HFIR: 0000BB80
USBx_HOST->HFNUM: 03591D54
USBx_HOST->HPTXSTS: 00080040
USBx_HOST->HAINT: 00000000
USBx_HOST->HAINTMSK: 0000000F
HPRT: 00021405
Channel: 0
HCCHAR: 20400008
HCDMA: 000F0003
HCINT: 00000000
HCINTMSK: 00000499
HCSPLT: 00000000
HCTSIZ: 20000008
Channel: 1
HCCHAR: 20408008
HCDMA: 000F0003
HCINT: 00000000
HCINTMSK: 00000599
HCSPLT: 00000000
HCTSIZ: 80000008
Channel: 2
HCCHAR: 00480840
HCDMA: 000F0003
HCINT: 00000000
HCINTMSK: 00000499
HCSPLT: 00000000
HCTSIZ: 00000000
Channel: 3
HCCHAR: 00489040
HCDMA: 000F0003
HCINT: 00000002
HCINTMSK: 00000599
HCSPLT: 00000000
HCTSIZ: 00080040
Channel: 4
HCCHAR: 00000000
HCDMA: 000F0003
HCINT: 00000000
HCINTMSK: 00000000
HCSPLT: 00000000
HCTSIZ: 00000000
Channel: 5
HCCHAR: 00000000
HCDMA: 000F0003
HCINT: 00000000
HCINTMSK: 00000000
HCSPLT: 00000000
HCTSIZ: 00000000
Channel: 6
HCCHAR: 00000000
HCDMA: 000F0003
HCINT: 00000000
HCINTMSK: 00000000
HCSPLT: 00000000
HCTSIZ: 00000000
Channel: 7
HCCHAR: 00000000
HCDMA: 000F0003
HCINT: 00000000
HCINTMSK: 00000000
HCSPLT: 00000000
HCTSIZ: 00000000
Channel: 8
HCCHAR: 00000000
HCDMA: 000F0003
HCINT: 00000000
HCINTMSK: 00000000
HCSPLT: 00000000
HCTSIZ: 00000000
Channel: 9
HCCHAR: 00000000
HCDMA: 000F0003
HCINT: 00000000
HCINTMSK: 00000000
HCSPLT: 00000000
HCTSIZ: 00000000
Channel: 10
HCCHAR: 00000000
HCDMA: 000F0003
HCINT: 00000000
HCINTMSK: 00000000
HCSPLT: 00000000
HCTSIZ: 00000000
Channel: 11
HCCHAR: 00000000
HCDMA: 000F0003
HCINT: 00000000
HCINTMSK: 00000000
HCSPLT: 00000000
HCTSIZ: 00000000
Debug: End
